2022-02-13 12:14:11,228 - root - INFO - ** Kedro project ames
2022-02-13 12:14:11,232 - root - INFO - Defined global variable `context` and `catalog`
2022-02-13 12:39:21,781 - uvicorn.error - INFO - Started server process [32713]
2022-02-13 12:39:21,781 - uvicorn.error - INFO - Waiting for application startup.
2022-02-13 12:39:21,782 - uvicorn.error - INFO - Application startup complete.
2022-02-13 12:39:21,782 - uvicorn.error - INFO - Uvicorn running on http://127.0.0.1:4141 (Press CTRL+C to quit)
2022-02-13 12:39:23,319 - uvicorn.error - INFO - ('127.0.0.1', 46554) - "WebSocket /graphql" [accepted]
2022-02-13 12:39:26,095 - uvicorn.error - INFO - Shutting down
2022-02-13 12:39:26,196 - uvicorn.error - INFO - Waiting for application shutdown.
2022-02-13 12:39:26,197 - uvicorn.error - INFO - Application shutdown complete.
2022-02-13 12:39:26,197 - uvicorn.error - INFO - Finished server process [32713]
2022-02-13 12:39:41,018 - root - INFO - ** Kedro project ames
2022-02-13 12:39:41,021 - root - INFO - Defined global variable `context` and `catalog`
2022-02-13 12:39:42,368 - root - INFO - Registered line magic `run_viz`
2022-02-13 12:42:19,671 - root - INFO - ** Kedro project ames
2022-02-13 12:42:19,673 - root - INFO - Defined global variable `context` and `catalog`
2022-02-13 12:42:21,612 - root - INFO - Registered line magic `run_viz`
2022-02-13 12:43:06,568 - root - INFO - ** Kedro project ames
2022-02-13 12:43:06,569 - root - INFO - Defined global variable `context` and `catalog`
2022-02-13 12:43:06,580 - root - INFO - Registered line magic `run_viz`
2022-02-13 12:59:53,172 - root - INFO - ** Kedro project ames
2022-02-13 12:59:53,173 - root - INFO - Defined global variable `context` and `catalog`
2022-02-13 12:59:53,185 - root - INFO - Registered line magic `run_viz`
2022-02-13 13:00:47,459 - root - INFO - ** Kedro project ames
2022-02-13 13:00:47,460 - root - INFO - Defined global variable `context` and `catalog`
2022-02-13 13:00:47,471 - root - INFO - Registered line magic `run_viz`
2022-02-13 13:04:19,180 - root - INFO - ** Kedro project ames
2022-02-13 13:04:19,181 - root - INFO - Defined global variable `context` and `catalog`
2022-02-13 13:04:20,997 - root - INFO - Registered line magic `run_viz`
2022-02-13 13:04:51,726 - root - INFO - ** Kedro project ames
2022-02-13 13:04:51,727 - root - INFO - Defined global variable `context` and `catalog`
2022-02-13 13:04:52,753 - root - INFO - Registered line magic `run_viz`
2022-02-13 13:05:24,164 - root - INFO - ** Kedro project ames
2022-02-13 13:05:24,165 - root - INFO - Defined global variable `context` and `catalog`
2022-02-13 13:05:25,720 - root - INFO - Registered line magic `run_viz`
2022-02-13 13:05:35,287 - root - INFO - ** Kedro project ames
2022-02-13 13:05:35,288 - root - INFO - Defined global variable `context` and `catalog`
2022-02-13 13:05:35,298 - root - INFO - Registered line magic `run_viz`
2022-02-13 13:06:45,658 - kedro.io.data_catalog - INFO - Loading data from `alldata` (CSVDataSet)...
2022-02-13 13:09:02,095 - numexpr.utils - INFO - NumExpr defaulting to 8 threads.
2022-02-13 13:20:18,876 - kedro.io.data_catalog - INFO - Loading data from `alldata` (CSVDataSet)...
2022-02-13 14:04:40,186 - root - INFO - ** Kedro project ames
2022-02-13 14:05:46,021 - root - INFO - ** Kedro project ames
2022-02-13 14:08:00,647 - root - INFO - ** Kedro project ames
2022-02-13 14:08:34,645 - root - INFO - ** Kedro project ames
2022-02-13 14:11:03,118 - root - INFO - ** Kedro project ames
2022-02-13 14:12:00,399 - root - INFO - ** Kedro project ames
2022-02-13 14:12:00,548 - kedro.io.data_catalog - INFO - Loading data from `alldata` (CSVDataSet)...
2022-02-13 14:12:00,579 - kedro.io.data_catalog - INFO - Loading data from `parameters` (MemoryDataSet)...
2022-02-13 14:12:00,580 - kedro.pipeline.node - INFO - Running node: split_target_node_dev: split_target([alldata,parameters]) -> [X_dev,y_dev]
2022-02-13 14:12:00,583 - kedro.pipeline.node - ERROR - Node `split_target_node_dev: split_target([alldata,parameters]) -> [X_dev,y_dev]` failed with error: 
'DataFrame' object has no attribute 'str'
2022-02-13 14:12:00,584 - kedro.runner.sequential_runner - WARNING - There are 1 nodes that have not run.
You can resume the pipeline run by adding the following argument to your previous command:

2022-02-13 14:12:44,231 - root - INFO - ** Kedro project ames
2022-02-13 14:12:44,378 - kedro.io.data_catalog - INFO - Loading data from `alldata` (CSVDataSet)...
2022-02-13 14:12:44,399 - kedro.io.data_catalog - INFO - Loading data from `parameters` (MemoryDataSet)...
2022-02-13 14:12:44,401 - kedro.pipeline.node - INFO - Running node: split_target_node_dev: split_target([alldata,parameters]) -> [X_dev,y_dev]
2022-02-13 14:12:44,405 - kedro.io.data_catalog - INFO - Saving data to `X_dev` (CSVDataSet)...
2022-02-13 14:12:44,446 - kedro.io.data_catalog - INFO - Saving data to `y_dev` (CSVDataSet)...
2022-02-13 14:12:44,450 - kedro.runner.sequential_runner - INFO - Completed 1 out of 1 tasks
2022-02-13 14:12:44,451 - kedro.runner.sequential_runner - INFO - Pipeline execution completed successfully.
2022-02-13 14:20:43,913 - root - INFO - ** Kedro project ames
2022-02-13 14:20:44,096 - kedro.io.data_catalog - INFO - Loading data from `alldata` (CSVDataSet)...
2022-02-13 14:20:44,124 - kedro.io.data_catalog - INFO - Loading data from `parameters` (MemoryDataSet)...
2022-02-13 14:20:44,125 - kedro.pipeline.node - INFO - Running node: split_target_node_dev: split_target([alldata,parameters]) -> [X_dev,y_dev]
2022-02-13 14:20:44,127 - kedro.io.data_catalog - INFO - Saving data to `X_dev` (CSVDataSet)...
2022-02-13 14:20:44,171 - kedro.io.data_catalog - INFO - Saving data to `y_dev` (CSVDataSet)...
2022-02-13 14:20:44,175 - kedro.runner.sequential_runner - INFO - Completed 1 out of 2 tasks
2022-02-13 14:20:44,176 - kedro.io.data_catalog - INFO - Loading data from `X_dev` (CSVDataSet)...
2022-02-13 14:20:44,196 - kedro.io.data_catalog - INFO - Loading data from `y_dev` (CSVDataSet)...
2022-02-13 14:20:44,198 - kedro.io.data_catalog - INFO - Loading data from `parameters` (MemoryDataSet)...
2022-02-13 14:20:44,198 - kedro.pipeline.node - INFO - Running node: split_train_test_node_dev: train_test_split([X_dev,parameters,y_dev]) -> [X_test,X_train,y_test,y_train]
2022-02-13 14:20:44,198 - kedro.pipeline.node - ERROR - Node `split_train_test_node_dev: train_test_split([X_dev,parameters,y_dev]) -> [X_test,X_train,y_test,y_train]` failed with error: 
train_test_split() got an unexpected keyword argument 'test_size'
2022-02-13 14:20:44,200 - kedro.runner.sequential_runner - WARNING - There are 1 nodes that have not run.
You can resume the pipeline run by adding the following argument to your previous command:
  --from-nodes "split_train_test_node_dev"
2022-02-13 14:21:26,114 - root - INFO - ** Kedro project ames
2022-02-13 14:21:26,259 - kedro.io.data_catalog - INFO - Loading data from `alldata` (CSVDataSet)...
2022-02-13 14:21:26,278 - kedro.io.data_catalog - INFO - Loading data from `parameters` (MemoryDataSet)...
2022-02-13 14:21:26,279 - kedro.pipeline.node - INFO - Running node: split_target_node_dev: split_target([alldata,parameters]) -> [X_dev,y_dev]
2022-02-13 14:21:26,281 - kedro.io.data_catalog - INFO - Saving data to `X_dev` (CSVDataSet)...
2022-02-13 14:21:26,318 - kedro.io.data_catalog - INFO - Saving data to `y_dev` (CSVDataSet)...
2022-02-13 14:21:26,322 - kedro.runner.sequential_runner - INFO - Completed 1 out of 2 tasks
2022-02-13 14:21:26,322 - kedro.io.data_catalog - INFO - Loading data from `X_dev` (CSVDataSet)...
2022-02-13 14:21:26,339 - kedro.io.data_catalog - INFO - Loading data from `y_dev` (CSVDataSet)...
2022-02-13 14:21:26,342 - kedro.io.data_catalog - INFO - Loading data from `parameters` (MemoryDataSet)...
2022-02-13 14:21:26,342 - kedro.pipeline.node - INFO - Running node: split_train_test_node_dev: train_test_split([X_dev,parameters,y_dev]) -> [X_test,X_train,y_test,y_train]
2022-02-13 14:21:26,342 - kedro.pipeline.node - ERROR - Node `split_train_test_node_dev: train_test_split([X_dev,parameters,y_dev]) -> [X_test,X_train,y_test,y_train]` failed with error: 
train_test_split() got an unexpected keyword argument 'test_size'
2022-02-13 14:21:26,343 - kedro.runner.sequential_runner - WARNING - There are 1 nodes that have not run.
You can resume the pipeline run by adding the following argument to your previous command:
  --from-nodes "split_train_test_node_dev"
2022-02-13 14:22:24,214 - root - INFO - ** Kedro project ames
2022-02-13 14:22:24,362 - kedro.io.data_catalog - INFO - Loading data from `alldata` (CSVDataSet)...
2022-02-13 14:22:24,385 - kedro.io.data_catalog - INFO - Loading data from `parameters` (MemoryDataSet)...
2022-02-13 14:22:24,385 - kedro.pipeline.node - INFO - Running node: split_target_node_dev: split_target([alldata,parameters]) -> [X_dev,y_dev]
2022-02-13 14:22:24,388 - kedro.io.data_catalog - INFO - Saving data to `X_dev` (CSVDataSet)...
2022-02-13 14:22:24,426 - kedro.io.data_catalog - INFO - Saving data to `y_dev` (CSVDataSet)...
2022-02-13 14:22:24,432 - kedro.runner.sequential_runner - INFO - Completed 1 out of 2 tasks
2022-02-13 14:22:24,432 - kedro.io.data_catalog - INFO - Loading data from `X_dev` (CSVDataSet)...
2022-02-13 14:22:24,450 - kedro.io.data_catalog - INFO - Loading data from `y_dev` (CSVDataSet)...
2022-02-13 14:22:24,453 - kedro.io.data_catalog - INFO - Loading data from `parameters` (MemoryDataSet)...
2022-02-13 14:22:24,454 - kedro.pipeline.node - INFO - Running node: split_train_test_node_dev: train_test_split([X_dev,parameters,y_dev]) -> [X_test,X_train,y_test,y_train]
2022-02-13 14:22:24,454 - kedro.pipeline.node - ERROR - Node `split_train_test_node_dev: train_test_split([X_dev,parameters,y_dev]) -> [X_test,X_train,y_test,y_train]` failed with error: 
not enough values to unpack (expected 4, got 2)
2022-02-13 14:22:24,456 - kedro.runner.sequential_runner - WARNING - There are 1 nodes that have not run.
You can resume the pipeline run by adding the following argument to your previous command:
  --from-nodes "split_train_test_node_dev"
2022-02-13 14:22:50,676 - root - INFO - ** Kedro project ames
2022-02-13 14:22:50,826 - kedro.io.data_catalog - INFO - Loading data from `alldata` (CSVDataSet)...
2022-02-13 14:22:50,848 - kedro.io.data_catalog - INFO - Loading data from `parameters` (MemoryDataSet)...
2022-02-13 14:22:50,848 - kedro.pipeline.node - INFO - Running node: split_target_node_dev: split_target([alldata,parameters]) -> [X_dev,y_dev]
2022-02-13 14:22:50,850 - kedro.io.data_catalog - INFO - Saving data to `X_dev` (CSVDataSet)...
2022-02-13 14:22:50,888 - kedro.io.data_catalog - INFO - Saving data to `y_dev` (CSVDataSet)...
2022-02-13 14:22:50,893 - kedro.runner.sequential_runner - INFO - Completed 1 out of 2 tasks
2022-02-13 14:22:50,894 - kedro.io.data_catalog - INFO - Loading data from `X_dev` (CSVDataSet)...
2022-02-13 14:22:50,912 - kedro.io.data_catalog - INFO - Loading data from `y_dev` (CSVDataSet)...
2022-02-13 14:22:50,914 - kedro.io.data_catalog - INFO - Loading data from `parameters` (MemoryDataSet)...
2022-02-13 14:22:50,915 - kedro.pipeline.node - INFO - Running node: split_train_test_node_dev: train_test_split([X_dev,parameters,y_dev]) -> [X_test,X_train,y_test,y_train]
2022-02-13 14:22:50,919 - kedro.io.data_catalog - INFO - Saving data to `X_train` (CSVDataSet)...
2022-02-13 14:22:50,946 - kedro.io.data_catalog - INFO - Saving data to `X_test` (CSVDataSet)...
2022-02-13 14:22:50,959 - kedro.io.data_catalog - INFO - Saving data to `y_train` (CSVDataSet)...
2022-02-13 14:22:50,962 - kedro.io.data_catalog - INFO - Saving data to `y_test` (CSVDataSet)...
2022-02-13 14:22:50,964 - kedro.runner.sequential_runner - INFO - Completed 2 out of 2 tasks
2022-02-13 14:22:50,964 - kedro.runner.sequential_runner - INFO - Pipeline execution completed successfully.
2022-02-13 14:30:36,330 - root - INFO - ** Kedro project ames
2022-02-13 14:30:36,480 - kedro.io.data_catalog - INFO - Loading data from `alldata` (CSVDataSet)...
2022-02-13 14:30:36,502 - kedro.io.data_catalog - INFO - Loading data from `parameters` (MemoryDataSet)...
2022-02-13 14:30:36,503 - kedro.pipeline.node - INFO - Running node: split_target_node_dev: split_target([alldata,parameters]) -> [X_dev,y_dev]
2022-02-13 14:30:36,505 - kedro.io.data_catalog - INFO - Saving data to `X_dev` (CSVDataSet)...
2022-02-13 14:30:36,546 - kedro.io.data_catalog - INFO - Saving data to `y_dev` (CSVDataSet)...
2022-02-13 14:30:36,552 - kedro.runner.sequential_runner - INFO - Completed 1 out of 3 tasks
2022-02-13 14:30:36,552 - kedro.io.data_catalog - INFO - Loading data from `X_dev` (CSVDataSet)...
2022-02-13 14:30:36,571 - kedro.io.data_catalog - INFO - Loading data from `y_dev` (CSVDataSet)...
2022-02-13 14:30:36,574 - kedro.io.data_catalog - INFO - Loading data from `parameters` (MemoryDataSet)...
2022-02-13 14:30:36,574 - kedro.pipeline.node - INFO - Running node: split_train_test_node_dev: train_test_split([X_dev,parameters,y_dev]) -> [X_test,X_train,y_test,y_train]
2022-02-13 14:30:36,578 - kedro.io.data_catalog - INFO - Saving data to `X_train` (CSVDataSet)...
2022-02-13 14:30:36,605 - kedro.io.data_catalog - INFO - Saving data to `X_test` (CSVDataSet)...
2022-02-13 14:30:36,617 - kedro.io.data_catalog - INFO - Saving data to `y_train` (CSVDataSet)...
2022-02-13 14:30:36,620 - kedro.io.data_catalog - INFO - Saving data to `y_test` (CSVDataSet)...
2022-02-13 14:30:36,621 - kedro.runner.sequential_runner - INFO - Completed 2 out of 3 tasks
2022-02-13 14:30:36,621 - kedro.io.data_catalog - INFO - Loading data from `X_train` (CSVDataSet)...
2022-02-13 14:30:36,638 - kedro.io.data_catalog - INFO - Loading data from `X_test` (CSVDataSet)...
2022-02-13 14:30:36,652 - kedro.io.data_catalog - INFO - Loading data from `y_train` (CSVDataSet)...
2022-02-13 14:30:36,654 - kedro.io.data_catalog - INFO - Loading data from `y_test` (CSVDataSet)...
2022-02-13 14:30:36,656 - kedro.pipeline.node - INFO - Running node: train_test_datasets: concat_df([X_test,X_train,y_test,y_train]) -> [test,train]
2022-02-13 14:30:36,667 - kedro.io.data_catalog - INFO - Saving data to `train` (CSVDataSet)...
2022-02-13 14:30:36,702 - kedro.io.data_catalog - INFO - Saving data to `test` (CSVDataSet)...
2022-02-13 14:30:36,717 - kedro.runner.sequential_runner - INFO - Completed 3 out of 3 tasks
2022-02-13 14:30:36,718 - kedro.runner.sequential_runner - INFO - Pipeline execution completed successfully.
2022-02-13 14:32:15,083 - uvicorn.error - INFO - Started server process [52121]
2022-02-13 14:32:15,087 - uvicorn.error - INFO - Waiting for application startup.
2022-02-13 14:32:15,088 - uvicorn.error - INFO - Application startup complete.
2022-02-13 14:32:15,090 - uvicorn.error - INFO - Uvicorn running on http://127.0.0.1:4141 (Press CTRL+C to quit)
2022-02-13 14:32:16,365 - uvicorn.error - INFO - ('127.0.0.1', 46568) - "WebSocket /graphql" [accepted]
2022-02-13 15:30:43,431 - root - INFO - ** Kedro project ames
2022-02-13 15:31:03,468 - root - INFO - ** Kedro project ames
2022-02-13 15:31:03,667 - kedro.io.data_catalog - INFO - Loading data from `alldata` (CSVDataSet)...
2022-02-13 15:31:03,685 - kedro.io.data_catalog - INFO - Loading data from `parameters` (MemoryDataSet)...
2022-02-13 15:31:03,686 - kedro.pipeline.node - INFO - Running node: split_target_node_dev: split_target([alldata,parameters]) -> [X_dev,y_dev]
2022-02-13 15:31:03,689 - kedro.io.data_catalog - INFO - Saving data to `X_dev` (CSVDataSet)...
2022-02-13 15:31:03,731 - kedro.io.data_catalog - INFO - Saving data to `y_dev` (CSVDataSet)...
2022-02-13 15:31:03,735 - kedro.runner.sequential_runner - INFO - Completed 1 out of 4 tasks
2022-02-13 15:31:03,735 - kedro.io.data_catalog - INFO - Loading data from `X_dev` (CSVDataSet)...
2022-02-13 15:31:03,753 - kedro.io.data_catalog - INFO - Loading data from `y_dev` (CSVDataSet)...
2022-02-13 15:31:03,756 - kedro.io.data_catalog - INFO - Loading data from `parameters` (MemoryDataSet)...
2022-02-13 15:31:03,757 - kedro.pipeline.node - INFO - Running node: split_train_test_node_dev: train_test_split([X_dev,parameters,y_dev]) -> [X_test,X_train,y_test,y_train]
2022-02-13 15:31:03,760 - kedro.io.data_catalog - INFO - Saving data to `X_train` (CSVDataSet)...
2022-02-13 15:31:03,790 - kedro.io.data_catalog - INFO - Saving data to `X_test` (CSVDataSet)...
2022-02-13 15:31:03,804 - kedro.io.data_catalog - INFO - Saving data to `y_train` (CSVDataSet)...
2022-02-13 15:31:03,807 - kedro.io.data_catalog - INFO - Saving data to `y_test` (CSVDataSet)...
2022-02-13 15:31:03,809 - kedro.runner.sequential_runner - INFO - Completed 2 out of 4 tasks
2022-02-13 15:31:03,809 - kedro.io.data_catalog - INFO - Loading data from `X_train` (CSVDataSet)...
2022-02-13 15:31:03,824 - kedro.io.data_catalog - INFO - Loading data from `X_test` (CSVDataSet)...
2022-02-13 15:31:03,835 - kedro.io.data_catalog - INFO - Loading data from `y_train` (CSVDataSet)...
2022-02-13 15:31:03,838 - kedro.io.data_catalog - INFO - Loading data from `y_test` (CSVDataSet)...
2022-02-13 15:31:03,840 - kedro.pipeline.node - INFO - Running node: train_test_datasets: concat_df([X_test,X_train,y_test,y_train]) -> [test,train]
2022-02-13 15:31:03,847 - kedro.io.data_catalog - INFO - Saving data to `train` (CSVDataSet)...
2022-02-13 15:31:03,876 - kedro.io.data_catalog - INFO - Saving data to `test` (CSVDataSet)...
2022-02-13 15:31:03,889 - kedro.runner.sequential_runner - INFO - Completed 3 out of 4 tasks
2022-02-13 15:31:03,889 - kedro.io.data_catalog - INFO - Loading data from `train` (CSVDataSet)...
2022-02-13 15:31:03,907 - kedro.io.data_catalog - INFO - Loading data from `parameters` (MemoryDataSet)...
2022-02-13 15:31:03,908 - kedro.pipeline.node - INFO - Running node: drop_irrelevant_covariates: drop_covariates([parameters,train]) -> [train_dropped]
2022-02-13 15:31:03,909 - kedro.pipeline.node - ERROR - Node `drop_irrelevant_covariates: drop_covariates([parameters,train]) -> [train_dropped]` failed with error: 
Failed to save outputs of node drop_irrelevant_covariates: drop_covariates([parameters,train]) -> [train_dropped].
The node definition contains a list of outputs ['train_dropped'], whereas the node function returned a `DataFrame`.
2022-02-13 15:31:03,910 - kedro.runner.sequential_runner - WARNING - There are 1 nodes that have not run.
You can resume the pipeline run by adding the following argument to your previous command:
  --from-nodes "drop_irrelevant_covariates"
2022-02-13 15:32:18,371 - root - INFO - ** Kedro project ames
2022-02-13 15:32:18,524 - kedro.io.data_catalog - INFO - Loading data from `alldata` (CSVDataSet)...
2022-02-13 15:32:18,542 - kedro.io.data_catalog - INFO - Loading data from `parameters` (MemoryDataSet)...
2022-02-13 15:32:18,544 - kedro.pipeline.node - INFO - Running node: split_target_node_dev: split_target([alldata,parameters]) -> [X_dev,y_dev]
2022-02-13 15:32:18,548 - kedro.io.data_catalog - INFO - Saving data to `X_dev` (CSVDataSet)...
2022-02-13 15:32:18,589 - kedro.io.data_catalog - INFO - Saving data to `y_dev` (CSVDataSet)...
2022-02-13 15:32:18,596 - kedro.runner.sequential_runner - INFO - Completed 1 out of 4 tasks
2022-02-13 15:32:18,596 - kedro.io.data_catalog - INFO - Loading data from `X_dev` (CSVDataSet)...
2022-02-13 15:32:18,616 - kedro.io.data_catalog - INFO - Loading data from `y_dev` (CSVDataSet)...
2022-02-13 15:32:18,619 - kedro.io.data_catalog - INFO - Loading data from `parameters` (MemoryDataSet)...
2022-02-13 15:32:18,619 - kedro.pipeline.node - INFO - Running node: split_train_test_node_dev: train_test_split([X_dev,parameters,y_dev]) -> [X_test,X_train,y_test,y_train]
2022-02-13 15:32:18,621 - kedro.io.data_catalog - INFO - Saving data to `X_train` (CSVDataSet)...
2022-02-13 15:32:18,652 - kedro.io.data_catalog - INFO - Saving data to `X_test` (CSVDataSet)...
2022-02-13 15:32:18,665 - kedro.io.data_catalog - INFO - Saving data to `y_train` (CSVDataSet)...
2022-02-13 15:32:18,668 - kedro.io.data_catalog - INFO - Saving data to `y_test` (CSVDataSet)...
2022-02-13 15:32:18,670 - kedro.runner.sequential_runner - INFO - Completed 2 out of 4 tasks
2022-02-13 15:32:18,670 - kedro.io.data_catalog - INFO - Loading data from `X_train` (CSVDataSet)...
2022-02-13 15:32:18,685 - kedro.io.data_catalog - INFO - Loading data from `X_test` (CSVDataSet)...
2022-02-13 15:32:18,696 - kedro.io.data_catalog - INFO - Loading data from `y_train` (CSVDataSet)...
2022-02-13 15:32:18,698 - kedro.io.data_catalog - INFO - Loading data from `y_test` (CSVDataSet)...
2022-02-13 15:32:18,700 - kedro.pipeline.node - INFO - Running node: train_test_datasets: concat_df([X_test,X_train,y_test,y_train]) -> [test,train]
2022-02-13 15:32:18,707 - kedro.io.data_catalog - INFO - Saving data to `train` (CSVDataSet)...
2022-02-13 15:32:18,737 - kedro.io.data_catalog - INFO - Saving data to `test` (CSVDataSet)...
2022-02-13 15:32:18,751 - kedro.runner.sequential_runner - INFO - Completed 3 out of 4 tasks
2022-02-13 15:32:18,751 - kedro.io.data_catalog - INFO - Loading data from `train` (CSVDataSet)...
2022-02-13 15:32:18,768 - kedro.io.data_catalog - INFO - Loading data from `parameters` (MemoryDataSet)...
2022-02-13 15:32:18,769 - kedro.pipeline.node - INFO - Running node: drop_irrelevant_covariates: drop_covariates([parameters,train]) -> [train_dropped]
2022-02-13 15:32:18,769 - kedro.io.data_catalog - INFO - Saving data to `train_dropped` (CSVDataSet)...
2022-02-13 15:32:18,797 - kedro.runner.sequential_runner - INFO - Completed 4 out of 4 tasks
2022-02-13 15:32:18,797 - kedro.runner.sequential_runner - INFO - Pipeline execution completed successfully.
2022-02-13 15:32:59,451 - root - INFO - ** Kedro project ames
2022-02-13 15:33:11,083 - root - INFO - ** Kedro project ames
2022-02-13 15:33:11,236 - kedro.io.data_catalog - INFO - Loading data from `alldata` (CSVDataSet)...
2022-02-13 15:33:11,256 - kedro.io.data_catalog - INFO - Loading data from `parameters` (MemoryDataSet)...
2022-02-13 15:33:11,257 - kedro.pipeline.node - INFO - Running node: split_target_node_dev: split_target([alldata,parameters]) -> [X_dev,y_dev]
2022-02-13 15:33:11,261 - kedro.io.data_catalog - INFO - Saving data to `X_dev` (CSVDataSet)...
2022-02-13 15:33:11,304 - kedro.io.data_catalog - INFO - Saving data to `y_dev` (CSVDataSet)...
2022-02-13 15:33:11,309 - kedro.runner.sequential_runner - INFO - Completed 1 out of 5 tasks
2022-02-13 15:33:11,309 - kedro.io.data_catalog - INFO - Loading data from `X_dev` (CSVDataSet)...
2022-02-13 15:33:11,328 - kedro.io.data_catalog - INFO - Loading data from `y_dev` (CSVDataSet)...
2022-02-13 15:33:11,331 - kedro.io.data_catalog - INFO - Loading data from `parameters` (MemoryDataSet)...
2022-02-13 15:33:11,331 - kedro.pipeline.node - INFO - Running node: split_train_test_node_dev: train_test_split([X_dev,parameters,y_dev]) -> [X_test,X_train,y_test,y_train]
2022-02-13 15:33:11,334 - kedro.io.data_catalog - INFO - Saving data to `X_train` (CSVDataSet)...
2022-02-13 15:33:11,365 - kedro.io.data_catalog - INFO - Saving data to `X_test` (CSVDataSet)...
2022-02-13 15:33:11,381 - kedro.io.data_catalog - INFO - Saving data to `y_train` (CSVDataSet)...
2022-02-13 15:33:11,384 - kedro.io.data_catalog - INFO - Saving data to `y_test` (CSVDataSet)...
2022-02-13 15:33:11,385 - kedro.runner.sequential_runner - INFO - Completed 2 out of 5 tasks
2022-02-13 15:33:11,386 - kedro.io.data_catalog - INFO - Loading data from `X_train` (CSVDataSet)...
2022-02-13 15:33:11,400 - kedro.io.data_catalog - INFO - Loading data from `X_test` (CSVDataSet)...
2022-02-13 15:33:11,412 - kedro.io.data_catalog - INFO - Loading data from `y_train` (CSVDataSet)...
2022-02-13 15:33:11,414 - kedro.io.data_catalog - INFO - Loading data from `y_test` (CSVDataSet)...
2022-02-13 15:33:11,416 - kedro.pipeline.node - INFO - Running node: train_test_datasets: concat_df([X_test,X_train,y_test,y_train]) -> [test,train]
2022-02-13 15:33:11,424 - kedro.io.data_catalog - INFO - Saving data to `train` (CSVDataSet)...
2022-02-13 15:33:11,452 - kedro.io.data_catalog - INFO - Saving data to `test` (CSVDataSet)...
2022-02-13 15:33:11,466 - kedro.runner.sequential_runner - INFO - Completed 3 out of 5 tasks
2022-02-13 15:33:11,466 - kedro.io.data_catalog - INFO - Loading data from `train` (CSVDataSet)...
2022-02-13 15:33:11,484 - kedro.io.data_catalog - INFO - Loading data from `parameters` (MemoryDataSet)...
2022-02-13 15:33:11,484 - kedro.pipeline.node - INFO - Running node: drop_irrelevant_covariates: drop_covariates([parameters,train]) -> [train_dropped]
2022-02-13 15:33:11,485 - kedro.io.data_catalog - INFO - Saving data to `train_dropped` (CSVDataSet)...
2022-02-13 15:33:11,512 - kedro.runner.sequential_runner - INFO - Completed 4 out of 5 tasks
2022-02-13 15:33:11,512 - kedro.io.data_catalog - INFO - Loading data from `train` (CSVDataSet)...
2022-02-13 15:33:11,526 - kedro.io.data_catalog - INFO - Loading data from `parameters` (MemoryDataSet)...
2022-02-13 15:33:11,527 - kedro.pipeline.node - INFO - Running node: fteng_categorical: process_categorical([parameters,train]) -> [train_categorical]
2022-02-13 15:33:11,527 - kedro.pipeline.node - ERROR - Node `fteng_categorical: process_categorical([parameters,train]) -> [train_categorical]` failed with error: 
"None of [Index(['MS.SubClass', 'MS.Zoning', 'Street', 'Alley', 'Land.Contour',\n       'Lot.Config', 'Neighborhood', 'Condition.1', 'Condition.2', 'Bldg.Type',\n       'House.Style', 'Roof.Style', 'Roof.Matl', 'Exterior.1st',\n       'Exterior.2nd', 'Mas.Vnr.Type', 'Foundation', 'Heating', 'Central.Air',\n       'Garage.Type', 'Sale.Type', 'Sale.Condition'],\n      dtype='object')] are in the [columns]"
2022-02-13 15:33:11,528 - kedro.runner.sequential_runner - WARNING - There are 1 nodes that have not run.
You can resume the pipeline run by adding the following argument to your previous command:
  --from-nodes "fteng_categorical"
2022-02-13 15:34:54,848 - root - INFO - ** Kedro project ames
2022-02-13 15:34:54,998 - kedro.io.data_catalog - INFO - Loading data from `alldata` (CSVDataSet)...
2022-02-13 15:34:55,017 - kedro.io.data_catalog - INFO - Loading data from `parameters` (MemoryDataSet)...
2022-02-13 15:34:55,017 - kedro.pipeline.node - INFO - Running node: split_target_node_dev: split_target([alldata,parameters]) -> [X_dev,y_dev]
2022-02-13 15:34:55,021 - kedro.io.data_catalog - INFO - Saving data to `X_dev` (CSVDataSet)...
2022-02-13 15:34:55,063 - kedro.io.data_catalog - INFO - Saving data to `y_dev` (CSVDataSet)...
2022-02-13 15:34:55,068 - kedro.runner.sequential_runner - INFO - Completed 1 out of 5 tasks
2022-02-13 15:34:55,068 - kedro.io.data_catalog - INFO - Loading data from `X_dev` (CSVDataSet)...
2022-02-13 15:34:55,086 - kedro.io.data_catalog - INFO - Loading data from `y_dev` (CSVDataSet)...
2022-02-13 15:34:55,089 - kedro.io.data_catalog - INFO - Loading data from `parameters` (MemoryDataSet)...
2022-02-13 15:34:55,089 - kedro.pipeline.node - INFO - Running node: split_train_test_node_dev: train_test_split([X_dev,parameters,y_dev]) -> [X_test,X_train,y_test,y_train]
2022-02-13 15:34:55,092 - kedro.io.data_catalog - INFO - Saving data to `X_train` (CSVDataSet)...
2022-02-13 15:34:55,122 - kedro.io.data_catalog - INFO - Saving data to `X_test` (CSVDataSet)...
2022-02-13 15:34:55,135 - kedro.io.data_catalog - INFO - Saving data to `y_train` (CSVDataSet)...
2022-02-13 15:34:55,138 - kedro.io.data_catalog - INFO - Saving data to `y_test` (CSVDataSet)...
2022-02-13 15:34:55,141 - kedro.runner.sequential_runner - INFO - Completed 2 out of 5 tasks
2022-02-13 15:34:55,141 - kedro.io.data_catalog - INFO - Loading data from `X_train` (CSVDataSet)...
2022-02-13 15:34:55,154 - kedro.io.data_catalog - INFO - Loading data from `X_test` (CSVDataSet)...
2022-02-13 15:34:55,164 - kedro.io.data_catalog - INFO - Loading data from `y_train` (CSVDataSet)...
2022-02-13 15:34:55,168 - kedro.io.data_catalog - INFO - Loading data from `y_test` (CSVDataSet)...
2022-02-13 15:34:55,170 - kedro.pipeline.node - INFO - Running node: train_test_datasets: concat_df([X_test,X_train,y_test,y_train]) -> [test,train]
2022-02-13 15:34:55,177 - kedro.io.data_catalog - INFO - Saving data to `train` (CSVDataSet)...
2022-02-13 15:34:55,207 - kedro.io.data_catalog - INFO - Saving data to `test` (CSVDataSet)...
2022-02-13 15:34:55,220 - kedro.runner.sequential_runner - INFO - Completed 3 out of 5 tasks
2022-02-13 15:34:55,220 - kedro.io.data_catalog - INFO - Loading data from `train` (CSVDataSet)...
2022-02-13 15:34:55,236 - kedro.io.data_catalog - INFO - Loading data from `parameters` (MemoryDataSet)...
2022-02-13 15:34:55,237 - kedro.pipeline.node - INFO - Running node: fteng_categorical: process_categorical([parameters,train]) -> [train_categorical]
2022-02-13 15:34:55,266 - kedro.io.data_catalog - INFO - Saving data to `train_categorical` (CSVDataSet)...
2022-02-13 15:34:55,297 - kedro.runner.sequential_runner - INFO - Completed 4 out of 5 tasks
2022-02-13 15:34:55,298 - kedro.io.data_catalog - INFO - Loading data from `train` (CSVDataSet)...
2022-02-13 15:34:55,314 - kedro.io.data_catalog - INFO - Loading data from `parameters` (MemoryDataSet)...
2022-02-13 15:34:55,315 - kedro.pipeline.node - INFO - Running node: drop_irrelevant_covariates: drop_covariates([parameters,train]) -> [train_dropped]
2022-02-13 15:34:55,317 - kedro.io.data_catalog - INFO - Saving data to `train_dropped` (CSVDataSet)...
2022-02-13 15:34:55,344 - kedro.runner.sequential_runner - INFO - Completed 5 out of 5 tasks
2022-02-13 15:34:55,344 - kedro.runner.sequential_runner - INFO - Pipeline execution completed successfully.
2022-02-13 15:36:19,070 - root - INFO - ** Kedro project ames
2022-02-13 15:36:30,384 - root - INFO - ** Kedro project ames
2022-02-13 15:36:30,538 - kedro.io.data_catalog - INFO - Loading data from `alldata` (CSVDataSet)...
2022-02-13 15:36:30,559 - kedro.io.data_catalog - INFO - Loading data from `parameters` (MemoryDataSet)...
2022-02-13 15:36:30,560 - kedro.pipeline.node - INFO - Running node: split_target_node_dev: split_target([alldata,parameters]) -> [X_dev,y_dev]
2022-02-13 15:36:30,566 - kedro.io.data_catalog - INFO - Saving data to `X_dev` (CSVDataSet)...
2022-02-13 15:36:30,616 - kedro.io.data_catalog - INFO - Saving data to `y_dev` (CSVDataSet)...
2022-02-13 15:36:30,620 - kedro.runner.sequential_runner - INFO - Completed 1 out of 6 tasks
2022-02-13 15:36:30,620 - kedro.io.data_catalog - INFO - Loading data from `X_dev` (CSVDataSet)...
2022-02-13 15:36:30,642 - kedro.io.data_catalog - INFO - Loading data from `y_dev` (CSVDataSet)...
2022-02-13 15:36:30,645 - kedro.io.data_catalog - INFO - Loading data from `parameters` (MemoryDataSet)...
2022-02-13 15:36:30,646 - kedro.pipeline.node - INFO - Running node: split_train_test_node_dev: train_test_split([X_dev,parameters,y_dev]) -> [X_test,X_train,y_test,y_train]
2022-02-13 15:36:30,648 - kedro.io.data_catalog - INFO - Saving data to `X_train` (CSVDataSet)...
2022-02-13 15:36:30,679 - kedro.io.data_catalog - INFO - Saving data to `X_test` (CSVDataSet)...
2022-02-13 15:36:30,689 - kedro.io.data_catalog - INFO - Saving data to `y_train` (CSVDataSet)...
2022-02-13 15:36:30,694 - kedro.io.data_catalog - INFO - Saving data to `y_test` (CSVDataSet)...
2022-02-13 15:36:30,697 - kedro.runner.sequential_runner - INFO - Completed 2 out of 6 tasks
2022-02-13 15:36:30,697 - kedro.io.data_catalog - INFO - Loading data from `X_train` (CSVDataSet)...
2022-02-13 15:36:30,714 - kedro.io.data_catalog - INFO - Loading data from `X_test` (CSVDataSet)...
2022-02-13 15:36:30,723 - kedro.io.data_catalog - INFO - Loading data from `y_train` (CSVDataSet)...
2022-02-13 15:36:30,727 - kedro.io.data_catalog - INFO - Loading data from `y_test` (CSVDataSet)...
2022-02-13 15:36:30,729 - kedro.pipeline.node - INFO - Running node: train_test_datasets: concat_df([X_test,X_train,y_test,y_train]) -> [test,train]
2022-02-13 15:36:30,736 - kedro.io.data_catalog - INFO - Saving data to `train` (CSVDataSet)...
2022-02-13 15:36:30,769 - kedro.io.data_catalog - INFO - Saving data to `test` (CSVDataSet)...
2022-02-13 15:36:30,784 - kedro.runner.sequential_runner - INFO - Completed 3 out of 6 tasks
2022-02-13 15:36:30,784 - kedro.io.data_catalog - INFO - Loading data from `train` (CSVDataSet)...
2022-02-13 15:36:30,799 - kedro.io.data_catalog - INFO - Loading data from `parameters` (MemoryDataSet)...
2022-02-13 15:36:30,800 - kedro.pipeline.node - INFO - Running node: fteng_numeric: process_numeric([parameters,train]) -> [train_numeric]
2022-02-13 15:36:30,831 - kedro.io.data_catalog - INFO - Saving data to `train_numeric` (CSVDataSet)...
2022-02-13 15:36:30,854 - kedro.runner.sequential_runner - INFO - Completed 4 out of 6 tasks
2022-02-13 15:36:30,854 - kedro.io.data_catalog - INFO - Loading data from `train` (CSVDataSet)...
2022-02-13 15:36:30,870 - kedro.io.data_catalog - INFO - Loading data from `parameters` (MemoryDataSet)...
2022-02-13 15:36:30,870 - kedro.pipeline.node - INFO - Running node: fteng_categorical: process_categorical([parameters,train]) -> [train_categorical]
2022-02-13 15:36:30,889 - kedro.io.data_catalog - INFO - Saving data to `train_categorical` (CSVDataSet)...
2022-02-13 15:36:30,932 - kedro.runner.sequential_runner - INFO - Completed 5 out of 6 tasks
2022-02-13 15:36:30,932 - kedro.io.data_catalog - INFO - Loading data from `train` (CSVDataSet)...
2022-02-13 15:36:30,949 - kedro.io.data_catalog - INFO - Loading data from `parameters` (MemoryDataSet)...
2022-02-13 15:36:30,950 - kedro.pipeline.node - INFO - Running node: drop_irrelevant_covariates: drop_covariates([parameters,train]) -> [train_dropped]
2022-02-13 15:36:30,951 - kedro.io.data_catalog - INFO - Saving data to `train_dropped` (CSVDataSet)...
2022-02-13 15:36:30,978 - kedro.runner.sequential_runner - INFO - Completed 6 out of 6 tasks
2022-02-13 15:36:30,978 - kedro.runner.sequential_runner - INFO - Pipeline execution completed successfully.
2022-02-13 15:36:46,357 - uvicorn.error - INFO - ('127.0.0.1', 46580) - "WebSocket /graphql" [accepted]
2022-02-13 15:37:19,998 - uvicorn.error - INFO - Shutting down
2022-02-13 15:37:20,099 - uvicorn.error - INFO - Waiting for application shutdown.
2022-02-13 15:37:20,101 - uvicorn.error - INFO - Application shutdown complete.
2022-02-13 15:37:20,102 - uvicorn.error - INFO - Finished server process [52121]
2022-02-13 15:37:25,778 - uvicorn.error - INFO - Started server process [63436]
2022-02-13 15:37:25,782 - uvicorn.error - INFO - Waiting for application startup.
2022-02-13 15:37:25,783 - uvicorn.error - INFO - Application startup complete.
2022-02-13 15:37:25,783 - uvicorn.error - INFO - Uvicorn running on http://127.0.0.1:4141 (Press CTRL+C to quit)
2022-02-13 15:37:27,118 - uvicorn.error - INFO - ('127.0.0.1', 46588) - "WebSocket /graphql" [accepted]
2022-02-13 15:39:54,484 - root - INFO - ** Kedro project ames
2022-02-13 15:39:54,637 - kedro.io.data_catalog - INFO - Loading data from `alldata` (CSVDataSet)...
2022-02-13 15:39:54,653 - kedro.io.data_catalog - INFO - Loading data from `parameters` (MemoryDataSet)...
2022-02-13 15:39:54,654 - kedro.pipeline.node - INFO - Running node: split_target_node_dev: split_target([alldata,parameters]) -> [X_dev,y_dev]
2022-02-13 15:39:54,657 - kedro.io.data_catalog - INFO - Saving data to `X_dev` (CSVDataSet)...
2022-02-13 15:39:54,694 - kedro.io.data_catalog - INFO - Saving data to `y_dev` (CSVDataSet)...
2022-02-13 15:39:54,698 - kedro.runner.sequential_runner - INFO - Completed 1 out of 6 tasks
2022-02-13 15:39:54,698 - kedro.io.data_catalog - INFO - Loading data from `X_dev` (CSVDataSet)...
2022-02-13 15:39:54,716 - kedro.io.data_catalog - INFO - Loading data from `y_dev` (CSVDataSet)...
2022-02-13 15:39:54,718 - kedro.io.data_catalog - INFO - Loading data from `parameters` (MemoryDataSet)...
2022-02-13 15:39:54,718 - kedro.pipeline.node - INFO - Running node: split_train_test_node_dev: train_test_split([X_dev,parameters,y_dev]) -> [X_test,X_train,y_test,y_train]
2022-02-13 15:39:54,720 - kedro.io.data_catalog - INFO - Saving data to `X_train` (CSVDataSet)...
2022-02-13 15:39:54,746 - kedro.io.data_catalog - INFO - Saving data to `X_test` (CSVDataSet)...
2022-02-13 15:39:54,756 - kedro.io.data_catalog - INFO - Saving data to `y_train` (CSVDataSet)...
2022-02-13 15:39:54,760 - kedro.io.data_catalog - INFO - Saving data to `y_test` (CSVDataSet)...
2022-02-13 15:39:54,763 - kedro.runner.sequential_runner - INFO - Completed 2 out of 6 tasks
2022-02-13 15:39:54,763 - kedro.io.data_catalog - INFO - Loading data from `X_train` (CSVDataSet)...
2022-02-13 15:39:54,777 - kedro.io.data_catalog - INFO - Loading data from `X_test` (CSVDataSet)...
2022-02-13 15:39:54,785 - kedro.io.data_catalog - INFO - Loading data from `y_train` (CSVDataSet)...
2022-02-13 15:39:54,786 - kedro.io.data_catalog - INFO - Loading data from `y_test` (CSVDataSet)...
2022-02-13 15:39:54,788 - kedro.pipeline.node - INFO - Running node: train_test_datasets: concat_df([X_test,X_train,y_test,y_train]) -> [test,train]
2022-02-13 15:39:54,796 - kedro.io.data_catalog - INFO - Saving data to `train` (CSVDataSet)...
2022-02-13 15:39:54,823 - kedro.io.data_catalog - INFO - Saving data to `test` (CSVDataSet)...
2022-02-13 15:39:54,837 - kedro.runner.sequential_runner - INFO - Completed 3 out of 6 tasks
2022-02-13 15:39:54,837 - kedro.io.data_catalog - INFO - Loading data from `train` (CSVDataSet)...
2022-02-13 15:39:54,852 - kedro.io.data_catalog - INFO - Loading data from `parameters` (MemoryDataSet)...
2022-02-13 15:39:54,852 - kedro.pipeline.node - INFO - Running node: drop_irrelevant_covariates: drop_covariates([parameters,train]) -> [train_dropped]
2022-02-13 15:39:54,853 - kedro.io.data_catalog - INFO - Saving data to `train_dropped` (CSVDataSet)...
2022-02-13 15:39:54,881 - kedro.runner.sequential_runner - INFO - Completed 4 out of 6 tasks
2022-02-13 15:39:54,881 - kedro.io.data_catalog - INFO - Loading data from `train_dropped` (CSVDataSet)...
2022-02-13 15:39:54,904 - kedro.io.data_catalog - INFO - Loading data from `parameters` (MemoryDataSet)...
2022-02-13 15:39:54,905 - kedro.pipeline.node - INFO - Running node: fteng_categorical: process_categorical([parameters,train_dropped]) -> [train_categorical]
2022-02-13 15:39:54,956 - kedro.io.data_catalog - INFO - Saving data to `train_categorical` (CSVDataSet)...
2022-02-13 15:39:55,034 - kedro.runner.sequential_runner - INFO - Completed 5 out of 6 tasks
2022-02-13 15:39:55,034 - kedro.io.data_catalog - INFO - Loading data from `train_dropped` (CSVDataSet)...
2022-02-13 15:39:55,065 - kedro.io.data_catalog - INFO - Loading data from `parameters` (MemoryDataSet)...
2022-02-13 15:39:55,066 - kedro.pipeline.node - INFO - Running node: fteng_numeric: process_numeric([parameters,train_dropped]) -> [train_numeric]
2022-02-13 15:39:55,136 - kedro.io.data_catalog - INFO - Saving data to `train_numeric` (CSVDataSet)...
2022-02-13 15:39:55,171 - kedro.runner.sequential_runner - INFO - Completed 6 out of 6 tasks
2022-02-13 15:39:55,171 - kedro.runner.sequential_runner - INFO - Pipeline execution completed successfully.
2022-02-13 15:40:01,069 - uvicorn.error - INFO - ('127.0.0.1', 46594) - "WebSocket /graphql" [accepted]
2022-02-13 15:40:02,854 - uvicorn.error - INFO - ('127.0.0.1', 46598) - "WebSocket /graphql" [accepted]
2022-02-13 15:40:07,270 - uvicorn.error - INFO - ('127.0.0.1', 46600) - "WebSocket /graphql" [accepted]
2022-02-13 15:41:52,239 - uvicorn.error - INFO - ('127.0.0.1', 46606) - "WebSocket /graphql" [accepted]
2022-02-13 15:41:58,931 - uvicorn.error - ERROR - Exception in ASGI application
Traceback (most recent call last):
  File "/home/vpb/anaconda3/envs/kclonea/lib/python3.7/site-packages/uvicorn/protocols/http/httptools_impl.py", line 398, in run_asgi
    result = await app(self.scope, self.receive, self.send)
  File "/home/vpb/anaconda3/envs/kclonea/lib/python3.7/site-packages/uvicorn/middleware/proxy_headers.py", line 45, in __call__
    return await self.app(scope, receive, send)
  File "/home/vpb/anaconda3/envs/kclonea/lib/python3.7/site-packages/fastapi/applications.py", line 199, in __call__
    await super().__call__(scope, receive, send)
  File "/home/vpb/anaconda3/envs/kclonea/lib/python3.7/site-packages/starlette/applications.py", line 112, in __call__
    await self.middleware_stack(scope, receive, send)
  File "/home/vpb/anaconda3/envs/kclonea/lib/python3.7/site-packages/starlette/middleware/errors.py", line 181, in __call__
    raise exc from None
  File "/home/vpb/anaconda3/envs/kclonea/lib/python3.7/site-packages/starlette/middleware/errors.py", line 159, in __call__
    await self.app(scope, receive, _send)
  File "/home/vpb/anaconda3/envs/kclonea/lib/python3.7/site-packages/starlette/exceptions.py", line 82, in __call__
    raise exc from None
  File "/home/vpb/anaconda3/envs/kclonea/lib/python3.7/site-packages/starlette/exceptions.py", line 71, in __call__
    await self.app(scope, receive, sender)
  File "/home/vpb/anaconda3/envs/kclonea/lib/python3.7/site-packages/starlette/routing.py", line 580, in __call__
    await route.handle(scope, receive, send)
  File "/home/vpb/anaconda3/envs/kclonea/lib/python3.7/site-packages/starlette/routing.py", line 241, in handle
    await self.app(scope, receive, send)
  File "/home/vpb/anaconda3/envs/kclonea/lib/python3.7/site-packages/starlette/routing.py", line 52, in app
    response = await func(request)
  File "/home/vpb/anaconda3/envs/kclonea/lib/python3.7/site-packages/fastapi/routing.py", line 217, in app
    dependant=dependant, values=values, is_coroutine=is_coroutine
  File "/home/vpb/anaconda3/envs/kclonea/lib/python3.7/site-packages/fastapi/routing.py", line 149, in run_endpoint_function
    return await dependant.call(**values)
  File "/home/vpb/anaconda3/envs/kclonea/lib/python3.7/site-packages/kedro_viz/api/router.py", line 49, in get_single_node_metadata
    return TaskNodeMetadata(node)
  File "<string>", line 3, in __init__
  File "/home/vpb/anaconda3/envs/kclonea/lib/python3.7/site-packages/kedro_viz/models/graph.py", line 411, in __post_init__
    if inspect.isfunction(kedro_node.func):
AttributeError: 'Node' object has no attribute 'func'
2022-02-13 15:42:37,543 - uvicorn.error - INFO - Shutting down
2022-02-13 15:42:37,645 - uvicorn.error - INFO - Waiting for application shutdown.
2022-02-13 15:42:37,647 - uvicorn.error - INFO - Application shutdown complete.
2022-02-13 15:42:37,648 - uvicorn.error - INFO - Finished server process [63436]
2022-02-13 15:42:43,132 - uvicorn.error - INFO - Started server process [64676]
2022-02-13 15:42:43,133 - uvicorn.error - INFO - Waiting for application startup.
2022-02-13 15:42:43,136 - uvicorn.error - INFO - Application startup complete.
2022-02-13 15:42:43,138 - uvicorn.error - INFO - Uvicorn running on http://127.0.0.1:4141 (Press CTRL+C to quit)
2022-02-13 15:42:44,355 - uvicorn.error - INFO - ('127.0.0.1', 46630) - "WebSocket /graphql" [accepted]
2022-02-13 15:42:44,759 - uvicorn.error - INFO - ('127.0.0.1', 46632) - "WebSocket /graphql" [accepted]
2022-02-13 15:44:17,600 - uvicorn.error - INFO - Shutting down
2022-02-13 15:44:17,703 - uvicorn.error - INFO - Waiting for application shutdown.
2022-02-13 15:44:17,705 - uvicorn.error - INFO - Application shutdown complete.
2022-02-13 15:44:17,706 - uvicorn.error - INFO - Finished server process [64676]
2022-02-13 15:44:21,315 - uvicorn.error - INFO - Started server process [65172]
2022-02-13 15:44:21,316 - uvicorn.error - INFO - Waiting for application startup.
2022-02-13 15:44:21,317 - uvicorn.error - INFO - Application startup complete.
2022-02-13 15:44:21,318 - uvicorn.error - INFO - Uvicorn running on http://127.0.0.1:4141 (Press CTRL+C to quit)
2022-02-13 15:44:22,476 - uvicorn.error - INFO - ('127.0.0.1', 46640) - "WebSocket /graphql" [accepted]
2022-02-13 15:59:32,214 - root - INFO - ** Kedro project ames
2022-02-13 15:59:59,068 - root - INFO - ** Kedro project ames
2022-02-13 16:01:18,699 - root - INFO - ** Kedro project ames
2022-02-13 16:02:09,669 - root - INFO - ** Kedro project ames
2022-02-13 16:02:09,837 - kedro.io.data_catalog - INFO - Loading data from `alldata` (CSVDataSet)...
2022-02-13 16:02:09,854 - kedro.io.data_catalog - INFO - Loading data from `parameters` (MemoryDataSet)...
2022-02-13 16:02:09,854 - kedro.pipeline.node - INFO - Running node: split_target_node_dev: split_target([alldata,parameters]) -> [X_dev,y_dev]
2022-02-13 16:02:09,856 - kedro.io.data_catalog - INFO - Saving data to `X_dev` (CSVDataSet)...
2022-02-13 16:02:09,891 - kedro.io.data_catalog - INFO - Saving data to `y_dev` (CSVDataSet)...
2022-02-13 16:02:09,895 - kedro.runner.sequential_runner - INFO - Completed 1 out of 9 tasks
2022-02-13 16:02:09,895 - kedro.io.data_catalog - INFO - Loading data from `X_dev` (CSVDataSet)...
2022-02-13 16:02:09,912 - kedro.io.data_catalog - INFO - Loading data from `y_dev` (CSVDataSet)...
2022-02-13 16:02:09,914 - kedro.io.data_catalog - INFO - Loading data from `parameters` (MemoryDataSet)...
2022-02-13 16:02:09,915 - kedro.pipeline.node - INFO - Running node: split_train_test_node_dev: train_test_split([X_dev,parameters,y_dev]) -> [X_test,X_train,y_test,y_train]
2022-02-13 16:02:09,916 - kedro.io.data_catalog - INFO - Saving data to `X_train` (CSVDataSet)...
2022-02-13 16:02:09,944 - kedro.io.data_catalog - INFO - Saving data to `X_test` (CSVDataSet)...
2022-02-13 16:02:09,954 - kedro.io.data_catalog - INFO - Saving data to `y_train` (CSVDataSet)...
2022-02-13 16:02:09,956 - kedro.io.data_catalog - INFO - Saving data to `y_test` (CSVDataSet)...
2022-02-13 16:02:09,958 - kedro.runner.sequential_runner - INFO - Completed 2 out of 9 tasks
2022-02-13 16:02:09,958 - kedro.io.data_catalog - INFO - Loading data from `X_train` (CSVDataSet)...
2022-02-13 16:02:09,973 - kedro.io.data_catalog - INFO - Loading data from `X_test` (CSVDataSet)...
2022-02-13 16:02:09,980 - kedro.io.data_catalog - INFO - Loading data from `y_train` (CSVDataSet)...
2022-02-13 16:02:09,982 - kedro.io.data_catalog - INFO - Loading data from `y_test` (CSVDataSet)...
2022-02-13 16:02:09,983 - kedro.pipeline.node - INFO - Running node: train_test_datasets: concat_df([X_test,X_train,y_test,y_train]) -> [test,train]
2022-02-13 16:02:09,989 - kedro.io.data_catalog - INFO - Saving data to `train` (CSVDataSet)...
2022-02-13 16:02:10,017 - kedro.io.data_catalog - INFO - Saving data to `test` (CSVDataSet)...
2022-02-13 16:02:10,029 - kedro.runner.sequential_runner - INFO - Completed 3 out of 9 tasks
2022-02-13 16:02:10,030 - kedro.io.data_catalog - INFO - Loading data from `test` (CSVDataSet)...
2022-02-13 16:02:10,039 - kedro.io.data_catalog - INFO - Loading data from `parameters` (MemoryDataSet)...
2022-02-13 16:02:10,040 - kedro.pipeline.node - INFO - Running node: Drop Irrelevant Covariates - Test: drop_covariates([parameters,test]) -> [test_dropped]
2022-02-13 16:02:10,041 - kedro.io.data_catalog - INFO - Saving data to `test_dropped` (CSVDataSet)...
2022-02-13 16:02:10,051 - kedro.runner.sequential_runner - INFO - Completed 4 out of 9 tasks
2022-02-13 16:02:10,051 - kedro.io.data_catalog - INFO - Loading data from `train` (CSVDataSet)...
2022-02-13 16:02:10,067 - kedro.io.data_catalog - INFO - Loading data from `parameters` (MemoryDataSet)...
2022-02-13 16:02:10,067 - kedro.pipeline.node - INFO - Running node: Drop Irrelevant Covariates - Train: drop_covariates([parameters,train]) -> [train_dropped]
2022-02-13 16:02:10,068 - kedro.io.data_catalog - INFO - Saving data to `train_dropped` (CSVDataSet)...
2022-02-13 16:02:10,092 - kedro.runner.sequential_runner - INFO - Completed 5 out of 9 tasks
2022-02-13 16:02:10,092 - kedro.io.data_catalog - INFO - Loading data from `train_dropped` (CSVDataSet)...
2022-02-13 16:02:10,106 - kedro.io.data_catalog - INFO - Loading data from `parameters` (MemoryDataSet)...
2022-02-13 16:02:10,107 - kedro.pipeline.node - INFO - Running node: Feature Engineering Categoricals - Train: process_categorical([parameters,train_dropped]) -> [train_categorical]
2022-02-13 16:02:10,123 - kedro.io.data_catalog - INFO - Saving data to `train_categorical` (CSVDataSet)...
2022-02-13 16:02:10,154 - kedro.runner.sequential_runner - INFO - Completed 6 out of 9 tasks
2022-02-13 16:02:10,154 - kedro.io.data_catalog - INFO - Loading data from `train_dropped` (CSVDataSet)...
2022-02-13 16:02:10,168 - kedro.io.data_catalog - INFO - Loading data from `parameters` (MemoryDataSet)...
2022-02-13 16:02:10,168 - kedro.pipeline.node - INFO - Running node: Feature Engineering Numericals - Train: process_numeric([parameters,train_dropped]) -> [train_numeric]
2022-02-13 16:02:10,194 - kedro.io.data_catalog - INFO - Saving data to `train_numeric` (CSVDataSet)...
2022-02-13 16:02:10,211 - kedro.runner.sequential_runner - INFO - Completed 7 out of 9 tasks
2022-02-13 16:02:10,211 - kedro.io.data_catalog - INFO - Loading data from `test_dropped` (CSVDataSet)...
2022-02-13 16:02:10,219 - kedro.io.data_catalog - INFO - Loading data from `parameters` (MemoryDataSet)...
2022-02-13 16:02:10,220 - kedro.pipeline.node - INFO - Running node: Feature Engineering Numericals - Test: process_numeric([parameters,test_dropped]) -> [test_numeric]
2022-02-13 16:02:10,240 - kedro.io.data_catalog - INFO - Saving data to `test_numeric` (CSVDataSet)...
2022-02-13 16:02:10,249 - kedro.runner.sequential_runner - INFO - Completed 8 out of 9 tasks
2022-02-13 16:02:10,250 - kedro.io.data_catalog - INFO - Loading data from `test_dropped` (CSVDataSet)...
2022-02-13 16:02:10,259 - kedro.io.data_catalog - INFO - Loading data from `parameters` (MemoryDataSet)...
2022-02-13 16:02:10,260 - kedro.pipeline.node - INFO - Running node: Feature Engineering Categoricals - Test: process_categorical([parameters,test_dropped]) -> [test_categorical]
2022-02-13 16:02:10,272 - kedro.io.data_catalog - INFO - Saving data to `test_categorical` (CSVDataSet)...
2022-02-13 16:02:10,287 - kedro.runner.sequential_runner - INFO - Completed 9 out of 9 tasks
2022-02-13 16:02:10,288 - kedro.runner.sequential_runner - INFO - Pipeline execution completed successfully.
2022-02-13 16:05:14,339 - root - INFO - ** Kedro project ames
2022-02-13 16:05:46,811 - root - INFO - ** Kedro project ames
2022-02-13 16:06:27,980 - root - INFO - ** Kedro project ames
2022-02-13 16:06:28,161 - kedro.io.data_catalog - INFO - Loading data from `alldata` (CSVDataSet)...
2022-02-13 16:06:28,178 - kedro.io.data_catalog - INFO - Loading data from `parameters` (MemoryDataSet)...
2022-02-13 16:06:28,179 - kedro.pipeline.node - INFO - Running node: split_target_node_dev: split_target([alldata,parameters]) -> [X_dev,y_dev]
2022-02-13 16:06:28,181 - kedro.io.data_catalog - INFO - Saving data to `X_dev` (CSVDataSet)...
2022-02-13 16:06:28,217 - kedro.io.data_catalog - INFO - Saving data to `y_dev` (CSVDataSet)...
2022-02-13 16:06:28,221 - kedro.runner.sequential_runner - INFO - Completed 1 out of 11 tasks
2022-02-13 16:06:28,222 - kedro.io.data_catalog - INFO - Loading data from `X_dev` (CSVDataSet)...
2022-02-13 16:06:28,239 - kedro.io.data_catalog - INFO - Loading data from `y_dev` (CSVDataSet)...
2022-02-13 16:06:28,241 - kedro.io.data_catalog - INFO - Loading data from `parameters` (MemoryDataSet)...
2022-02-13 16:06:28,241 - kedro.pipeline.node - INFO - Running node: split_train_test_node_dev: train_test_split([X_dev,parameters,y_dev]) -> [X_test,X_train,y_test,y_train]
2022-02-13 16:06:28,242 - kedro.io.data_catalog - INFO - Saving data to `X_train` (CSVDataSet)...
2022-02-13 16:06:28,268 - kedro.io.data_catalog - INFO - Saving data to `X_test` (CSVDataSet)...
2022-02-13 16:06:28,278 - kedro.io.data_catalog - INFO - Saving data to `y_train` (CSVDataSet)...
2022-02-13 16:06:28,280 - kedro.io.data_catalog - INFO - Saving data to `y_test` (CSVDataSet)...
2022-02-13 16:06:28,282 - kedro.runner.sequential_runner - INFO - Completed 2 out of 11 tasks
2022-02-13 16:06:28,282 - kedro.io.data_catalog - INFO - Loading data from `X_train` (CSVDataSet)...
2022-02-13 16:06:28,297 - kedro.io.data_catalog - INFO - Loading data from `X_test` (CSVDataSet)...
2022-02-13 16:06:28,305 - kedro.io.data_catalog - INFO - Loading data from `y_train` (CSVDataSet)...
2022-02-13 16:06:28,306 - kedro.io.data_catalog - INFO - Loading data from `y_test` (CSVDataSet)...
2022-02-13 16:06:28,308 - kedro.pipeline.node - INFO - Running node: train_test_datasets: concat_df([X_test,X_train,y_test,y_train]) -> [test,train]
2022-02-13 16:06:28,314 - kedro.io.data_catalog - INFO - Saving data to `train` (CSVDataSet)...
2022-02-13 16:06:28,342 - kedro.io.data_catalog - INFO - Saving data to `test` (CSVDataSet)...
2022-02-13 16:06:28,356 - kedro.runner.sequential_runner - INFO - Completed 3 out of 11 tasks
2022-02-13 16:06:28,356 - kedro.io.data_catalog - INFO - Loading data from `test` (CSVDataSet)...
2022-02-13 16:06:28,364 - kedro.io.data_catalog - INFO - Loading data from `parameters` (MemoryDataSet)...
2022-02-13 16:06:28,365 - kedro.pipeline.node - INFO - Running node: Drop Irrelevant Covariates - Test: drop_covariates([parameters,test]) -> [test_dropped]
2022-02-13 16:06:28,366 - kedro.io.data_catalog - INFO - Saving data to `test_dropped` (CSVDataSet)...
2022-02-13 16:06:28,376 - kedro.runner.sequential_runner - INFO - Completed 4 out of 11 tasks
2022-02-13 16:06:28,376 - kedro.io.data_catalog - INFO - Loading data from `train` (CSVDataSet)...
2022-02-13 16:06:28,391 - kedro.io.data_catalog - INFO - Loading data from `parameters` (MemoryDataSet)...
2022-02-13 16:06:28,391 - kedro.pipeline.node - INFO - Running node: Drop Irrelevant Covariates - Train: drop_covariates([parameters,train]) -> [train_dropped]
2022-02-13 16:06:28,392 - kedro.io.data_catalog - INFO - Saving data to `train_dropped` (CSVDataSet)...
2022-02-13 16:06:28,414 - kedro.runner.sequential_runner - INFO - Completed 5 out of 11 tasks
2022-02-13 16:06:28,414 - kedro.io.data_catalog - INFO - Loading data from `test_dropped` (CSVDataSet)...
2022-02-13 16:06:28,424 - kedro.io.data_catalog - INFO - Loading data from `parameters` (MemoryDataSet)...
2022-02-13 16:06:28,424 - kedro.pipeline.node - INFO - Running node: Feature Engineering Numericals - Test: process_numeric([parameters,test_dropped]) -> [test_numeric]
2022-02-13 16:06:28,442 - kedro.io.data_catalog - INFO - Saving data to `test_numeric` (CSVDataSet)...
2022-02-13 16:06:28,454 - kedro.runner.sequential_runner - INFO - Completed 6 out of 11 tasks
2022-02-13 16:06:28,455 - kedro.io.data_catalog - INFO - Loading data from `train_dropped` (CSVDataSet)...
2022-02-13 16:06:28,466 - kedro.io.data_catalog - INFO - Loading data from `parameters` (MemoryDataSet)...
2022-02-13 16:06:28,467 - kedro.pipeline.node - INFO - Running node: Feature Engineering Categoricals - Train: process_categorical([parameters,train_dropped]) -> [train_categorical]
2022-02-13 16:06:28,487 - kedro.io.data_catalog - INFO - Saving data to `train_categorical` (CSVDataSet)...
2022-02-13 16:06:28,520 - kedro.runner.sequential_runner - INFO - Completed 7 out of 11 tasks
2022-02-13 16:06:28,520 - kedro.io.data_catalog - INFO - Loading data from `test_dropped` (CSVDataSet)...
2022-02-13 16:06:28,527 - kedro.io.data_catalog - INFO - Loading data from `parameters` (MemoryDataSet)...
2022-02-13 16:06:28,527 - kedro.pipeline.node - INFO - Running node: Feature Engineering Categoricals - Test: process_categorical([parameters,test_dropped]) -> [test_categorical]
2022-02-13 16:06:28,540 - kedro.io.data_catalog - INFO - Saving data to `test_categorical` (CSVDataSet)...
2022-02-13 16:06:28,554 - kedro.runner.sequential_runner - INFO - Completed 8 out of 11 tasks
2022-02-13 16:06:28,554 - kedro.io.data_catalog - INFO - Loading data from `train_dropped` (CSVDataSet)...
2022-02-13 16:06:28,565 - kedro.io.data_catalog - INFO - Loading data from `parameters` (MemoryDataSet)...
2022-02-13 16:06:28,566 - kedro.pipeline.node - INFO - Running node: Feature Engineering Numericals - Train: process_numeric([parameters,train_dropped]) -> [train_numeric]
2022-02-13 16:06:28,590 - kedro.io.data_catalog - INFO - Saving data to `train_numeric` (CSVDataSet)...
2022-02-13 16:06:28,610 - kedro.runner.sequential_runner - INFO - Completed 9 out of 11 tasks
2022-02-13 16:06:28,611 - kedro.io.data_catalog - INFO - Loading data from `test_numeric` (CSVDataSet)...
2022-02-13 16:06:28,616 - kedro.io.data_catalog - INFO - Loading data from `test_categorical` (CSVDataSet)...
2022-02-13 16:06:28,623 - kedro.pipeline.node - INFO - Running node: Join Categorical and Numerical - Test: join_num_cat([test_categorical,test_numeric]) -> [test_joined_num_cat]
2022-02-13 16:06:28,635 - kedro.pipeline.node - ERROR - Node `Join Categorical and Numerical - Test: join_num_cat([test_categorical,test_numeric]) -> [test_joined_num_cat]` failed with error: 
Failed to save outputs of node Join Categorical and Numerical - Test: join_num_cat([test_categorical,test_numeric]) -> [test_joined_num_cat].
The node definition contains a list of outputs ['test_joined_num_cat'], whereas the node function returned a `DataFrame`.
2022-02-13 16:06:28,637 - kedro.runner.sequential_runner - WARNING - There are 2 nodes that have not run.
You can resume the pipeline run by adding the following argument to your previous command:
  --from-nodes "Join Categorical and Numerical - Test,Join Categorical and Numerical - Train"
2022-02-13 16:06:43,289 - root - INFO - ** Kedro project ames
2022-02-13 16:06:43,416 - kedro.io.data_catalog - INFO - Loading data from `alldata` (CSVDataSet)...
2022-02-13 16:06:43,434 - kedro.io.data_catalog - INFO - Loading data from `parameters` (MemoryDataSet)...
2022-02-13 16:06:43,434 - kedro.pipeline.node - INFO - Running node: split_target_node_dev: split_target([alldata,parameters]) -> [X_dev,y_dev]
2022-02-13 16:06:43,437 - kedro.io.data_catalog - INFO - Saving data to `X_dev` (CSVDataSet)...
2022-02-13 16:06:43,472 - kedro.io.data_catalog - INFO - Saving data to `y_dev` (CSVDataSet)...
2022-02-13 16:06:43,476 - kedro.runner.sequential_runner - INFO - Completed 1 out of 11 tasks
2022-02-13 16:06:43,476 - kedro.io.data_catalog - INFO - Loading data from `X_dev` (CSVDataSet)...
2022-02-13 16:06:43,493 - kedro.io.data_catalog - INFO - Loading data from `y_dev` (CSVDataSet)...
2022-02-13 16:06:43,495 - kedro.io.data_catalog - INFO - Loading data from `parameters` (MemoryDataSet)...
2022-02-13 16:06:43,495 - kedro.pipeline.node - INFO - Running node: split_train_test_node_dev: train_test_split([X_dev,parameters,y_dev]) -> [X_test,X_train,y_test,y_train]
2022-02-13 16:06:43,497 - kedro.io.data_catalog - INFO - Saving data to `X_train` (CSVDataSet)...
2022-02-13 16:06:43,525 - kedro.io.data_catalog - INFO - Saving data to `X_test` (CSVDataSet)...
2022-02-13 16:06:43,535 - kedro.io.data_catalog - INFO - Saving data to `y_train` (CSVDataSet)...
2022-02-13 16:06:43,538 - kedro.io.data_catalog - INFO - Saving data to `y_test` (CSVDataSet)...
2022-02-13 16:06:43,540 - kedro.runner.sequential_runner - INFO - Completed 2 out of 11 tasks
2022-02-13 16:06:43,540 - kedro.io.data_catalog - INFO - Loading data from `X_train` (CSVDataSet)...
2022-02-13 16:06:43,555 - kedro.io.data_catalog - INFO - Loading data from `X_test` (CSVDataSet)...
2022-02-13 16:06:43,562 - kedro.io.data_catalog - INFO - Loading data from `y_train` (CSVDataSet)...
2022-02-13 16:06:43,564 - kedro.io.data_catalog - INFO - Loading data from `y_test` (CSVDataSet)...
2022-02-13 16:06:43,565 - kedro.pipeline.node - INFO - Running node: train_test_datasets: concat_df([X_test,X_train,y_test,y_train]) -> [test,train]
2022-02-13 16:06:43,572 - kedro.io.data_catalog - INFO - Saving data to `train` (CSVDataSet)...
2022-02-13 16:06:43,600 - kedro.io.data_catalog - INFO - Saving data to `test` (CSVDataSet)...
2022-02-13 16:06:43,614 - kedro.runner.sequential_runner - INFO - Completed 3 out of 11 tasks
2022-02-13 16:06:43,615 - kedro.io.data_catalog - INFO - Loading data from `train` (CSVDataSet)...
2022-02-13 16:06:43,627 - kedro.io.data_catalog - INFO - Loading data from `parameters` (MemoryDataSet)...
2022-02-13 16:06:43,627 - kedro.pipeline.node - INFO - Running node: Drop Irrelevant Covariates - Train: drop_covariates([parameters,train]) -> [train_dropped]
2022-02-13 16:06:43,628 - kedro.io.data_catalog - INFO - Saving data to `train_dropped` (CSVDataSet)...
2022-02-13 16:06:43,652 - kedro.runner.sequential_runner - INFO - Completed 4 out of 11 tasks
2022-02-13 16:06:43,652 - kedro.io.data_catalog - INFO - Loading data from `test` (CSVDataSet)...
2022-02-13 16:06:43,659 - kedro.io.data_catalog - INFO - Loading data from `parameters` (MemoryDataSet)...
2022-02-13 16:06:43,660 - kedro.pipeline.node - INFO - Running node: Drop Irrelevant Covariates - Test: drop_covariates([parameters,test]) -> [test_dropped]
2022-02-13 16:06:43,661 - kedro.io.data_catalog - INFO - Saving data to `test_dropped` (CSVDataSet)...
2022-02-13 16:06:43,672 - kedro.runner.sequential_runner - INFO - Completed 5 out of 11 tasks
2022-02-13 16:06:43,672 - kedro.io.data_catalog - INFO - Loading data from `test_dropped` (CSVDataSet)...
2022-02-13 16:06:43,681 - kedro.io.data_catalog - INFO - Loading data from `parameters` (MemoryDataSet)...
2022-02-13 16:06:43,681 - kedro.pipeline.node - INFO - Running node: Feature Engineering Numericals - Test: process_numeric([parameters,test_dropped]) -> [test_numeric]
2022-02-13 16:06:43,701 - kedro.io.data_catalog - INFO - Saving data to `test_numeric` (CSVDataSet)...
2022-02-13 16:06:43,711 - kedro.runner.sequential_runner - INFO - Completed 6 out of 11 tasks
2022-02-13 16:06:43,711 - kedro.io.data_catalog - INFO - Loading data from `train_dropped` (CSVDataSet)...
2022-02-13 16:06:43,723 - kedro.io.data_catalog - INFO - Loading data from `parameters` (MemoryDataSet)...
2022-02-13 16:06:43,724 - kedro.pipeline.node - INFO - Running node: Feature Engineering Numericals - Train: process_numeric([parameters,train_dropped]) -> [train_numeric]
2022-02-13 16:06:43,750 - kedro.io.data_catalog - INFO - Saving data to `train_numeric` (CSVDataSet)...
2022-02-13 16:06:43,773 - kedro.runner.sequential_runner - INFO - Completed 7 out of 11 tasks
2022-02-13 16:06:43,773 - kedro.io.data_catalog - INFO - Loading data from `train_dropped` (CSVDataSet)...
2022-02-13 16:06:43,785 - kedro.io.data_catalog - INFO - Loading data from `parameters` (MemoryDataSet)...
2022-02-13 16:06:43,785 - kedro.pipeline.node - INFO - Running node: Feature Engineering Categoricals - Train: process_categorical([parameters,train_dropped]) -> [train_categorical]
2022-02-13 16:06:43,803 - kedro.io.data_catalog - INFO - Saving data to `train_categorical` (CSVDataSet)...
2022-02-13 16:06:43,833 - kedro.runner.sequential_runner - INFO - Completed 8 out of 11 tasks
2022-02-13 16:06:43,834 - kedro.io.data_catalog - INFO - Loading data from `test_dropped` (CSVDataSet)...
2022-02-13 16:06:43,842 - kedro.io.data_catalog - INFO - Loading data from `parameters` (MemoryDataSet)...
2022-02-13 16:06:43,843 - kedro.pipeline.node - INFO - Running node: Feature Engineering Categoricals - Test: process_categorical([parameters,test_dropped]) -> [test_categorical]
2022-02-13 16:06:43,858 - kedro.io.data_catalog - INFO - Saving data to `test_categorical` (CSVDataSet)...
2022-02-13 16:06:43,872 - kedro.runner.sequential_runner - INFO - Completed 9 out of 11 tasks
2022-02-13 16:06:43,873 - kedro.io.data_catalog - INFO - Loading data from `train_numeric` (CSVDataSet)...
2022-02-13 16:06:43,880 - kedro.io.data_catalog - INFO - Loading data from `train_categorical` (CSVDataSet)...
2022-02-13 16:06:43,895 - kedro.pipeline.node - INFO - Running node: Join Categorical and Numerical - Train: join_num_cat([train_categorical,train_numeric]) -> [train_joined_num_cat]
2022-02-13 16:06:43,905 - kedro.io.data_catalog - INFO - Saving data to `train_joined_num_cat` (CSVDataSet)...
2022-02-13 16:06:43,950 - kedro.runner.sequential_runner - INFO - Completed 10 out of 11 tasks
2022-02-13 16:06:43,951 - kedro.io.data_catalog - INFO - Loading data from `test_numeric` (CSVDataSet)...
2022-02-13 16:06:43,955 - kedro.io.data_catalog - INFO - Loading data from `test_categorical` (CSVDataSet)...
2022-02-13 16:06:43,963 - kedro.pipeline.node - INFO - Running node: Join Categorical and Numerical - Test: join_num_cat([test_categorical,test_numeric]) -> [test_joined_num_cat]
2022-02-13 16:06:43,970 - kedro.io.data_catalog - INFO - Saving data to `test_joined_num_cat` (CSVDataSet)...
2022-02-13 16:06:43,993 - kedro.runner.sequential_runner - INFO - Completed 11 out of 11 tasks
2022-02-13 16:06:43,993 - kedro.runner.sequential_runner - INFO - Pipeline execution completed successfully.
2022-02-13 16:07:03,900 - uvicorn.error - INFO - Shutting down
2022-02-13 16:07:04,002 - uvicorn.error - INFO - Waiting for application shutdown.
2022-02-13 16:07:04,004 - uvicorn.error - INFO - Application shutdown complete.
2022-02-13 16:07:04,005 - uvicorn.error - INFO - Finished server process [65172]
2022-02-13 16:07:17,770 - uvicorn.error - INFO - Started server process [68631]
2022-02-13 16:07:17,771 - uvicorn.error - INFO - Waiting for application startup.
2022-02-13 16:07:17,772 - uvicorn.error - INFO - Application startup complete.
2022-02-13 16:07:17,773 - uvicorn.error - INFO - Uvicorn running on http://127.0.0.1:4141 (Press CTRL+C to quit)
2022-02-13 16:07:18,889 - uvicorn.error - INFO - ('127.0.0.1', 46662) - "WebSocket /graphql" [accepted]
